Using pre-set license
Built from '2022.3/release' branch; Version is '2022.3.5f1 (9674261d40ee) revision 9860134'; Using compiler version '192829333'; Build Type 'Release'
OS: 'Windows 10  (10.0.19045) 64bit Professional' Language: 'pt' Physical Memory: 16315 MB
BatchMode: 1, IsHumanControllingUs: 0, StartBugReporterOnCrash: 0, Is64bit: 1, IsPro: 1

COMMAND LINE ARGUMENTS:
C:\Program Files\Unity\Hub\Editor\2022.3.5f1\Editor\Unity.exe
-adb2
-batchMode
-noUpm
-name
AssetImportWorker0
-projectPath
C:/Users/Alex/Desktop/ciencia de dados/grupo2-CDI-20242-tg2/Unity/Ciência de Dados
-logFile
Logs/AssetImportWorker0.log
-srvPort
57549
Successfully changed project path to: C:/Users/Alex/Desktop/ciencia de dados/grupo2-CDI-20242-tg2/Unity/Ciência de Dados
C:/Users/Alex/Desktop/ciencia de dados/grupo2-CDI-20242-tg2/Unity/Ciência de Dados
[UnityMemory] Configuration Parameters - Can be set up in boot.config
    "memorysetup-bucket-allocator-granularity=16"
    "memorysetup-bucket-allocator-bucket-count=8"
    "memorysetup-bucket-allocator-block-size=33554432"
    "memorysetup-bucket-allocator-block-count=8"
    "memorysetup-main-allocator-block-size=16777216"
    "memorysetup-thread-allocator-block-size=16777216"
    "memorysetup-gfx-main-allocator-block-size=16777216"
    "memorysetup-gfx-thread-allocator-block-size=16777216"
    "memorysetup-cache-allocator-block-size=4194304"
    "memorysetup-typetree-allocator-block-size=2097152"
    "memorysetup-profiler-bucket-allocator-granularity=16"
    "memorysetup-profiler-bucket-allocator-bucket-count=8"
    "memorysetup-profiler-bucket-allocator-block-size=33554432"
    "memorysetup-profiler-bucket-allocator-block-count=8"
    "memorysetup-profiler-allocator-block-size=16777216"
    "memorysetup-profiler-editor-allocator-block-size=1048576"
    "memorysetup-temp-allocator-size-main=16777216"
    "memorysetup-job-temp-allocator-block-size=2097152"
    "memorysetup-job-temp-allocator-block-size-background=1048576"
    "memorysetup-job-temp-allocator-reduction-small-platforms=262144"
    "memorysetup-allocator-temp-initial-block-size-main=262144"
    "memorysetup-allocator-temp-initial-block-size-worker=262144"
    "memorysetup-temp-allocator-size-background-worker=32768"
    "memorysetup-temp-allocator-size-job-worker=262144"
    "memorysetup-temp-allocator-size-preload-manager=33554432"
    "memorysetup-temp-allocator-size-nav-mesh-worker=65536"
    "memorysetup-temp-allocator-size-audio-worker=65536"
    "memorysetup-temp-allocator-size-cloud-worker=32768"
    "memorysetup-temp-allocator-size-gi-baking-worker=262144"
    "memorysetup-temp-allocator-size-gfx=262144"
Player connection [15952] Host "[IP] 192.168.1.222 [Port] 0 [Flags] 2 [Guid] 2215130421 [EditorId] 2215130421 [Version] 1048832 [Id] WindowsEditor(7,DESKTOP-FMNALQ8) [Debug] 1 [PackageName] WindowsEditor [ProjectName] Editor" joined multi-casting on [225.0.0.222:54997]...

Player connection [15952] Host "[IP] 192.168.1.222 [Port] 0 [Flags] 2 [Guid] 2215130421 [EditorId] 2215130421 [Version] 1048832 [Id] WindowsEditor(7,DESKTOP-FMNALQ8) [Debug] 1 [PackageName] WindowsEditor [ProjectName] Editor" joined alternative multi-casting on [225.0.0.222:34997]...

Refreshing native plugins compatible for Editor in 9.48 ms, found 3 plugins.
Preloading 0 native plugins for Editor in 0.00 ms.
Initialize engine version: 2022.3.5f1 (9674261d40ee)
[Subsystems] Discovering subsystems at path C:/Program Files/Unity/Hub/Editor/2022.3.5f1/Editor/Data/Resources/UnitySubsystems
[Subsystems] Discovering subsystems at path C:/Users/Alex/Desktop/ciencia de dados/grupo2-CDI-20242-tg2/Unity/Ciência de Dados/Assets
GfxDevice: creating device client; threaded=0; jobified=0
Direct3D:
    Version:  Direct3D 11.0 [level 11.1]
    Renderer: NVIDIA GeForce GTX 1660 Ti (ID=0x2182)
    Vendor:   NVIDIA
    VRAM:     5966 MB
    Driver:   32.0.15.6094
Initialize mono
Mono path[0] = 'C:/Program Files/Unity/Hub/Editor/2022.3.5f1/Editor/Data/Managed'
Mono path[1] = 'C:/Program Files/Unity/Hub/Editor/2022.3.5f1/Editor/Data/MonoBleedingEdge/lib/mono/unityjit-win32'
Mono config path = 'C:/Program Files/Unity/Hub/Editor/2022.3.5f1/Editor/Data/MonoBleedingEdge/etc'
Using monoOptions --debugger-agent=transport=dt_socket,embedding=1,server=y,suspend=n,address=127.0.0.1:56024
Begin MonoManager ReloadAssembly
Registering precompiled unity dll's ...
Register platform support module: C:/Program Files/Unity/Hub/Editor/2022.3.5f1/Editor/Data/PlaybackEngines/AndroidPlayer/UnityEditor.Android.Extensions.dll
Register platform support module: C:/Program Files/Unity/Hub/Editor/2022.3.5f1/Editor/Data/PlaybackEngines/iOSSupport/UnityEditor.iOS.Extensions.dll
Register platform support module: C:/Program Files/Unity/Hub/Editor/2022.3.5f1/Editor/Data/PlaybackEngines/WindowsStandaloneSupport/UnityEditor.WindowsStandalone.Extensions.dll
Registered in 0.014134 seconds.
- Loaded All Assemblies, in  0.383 seconds
Native extension for WindowsStandalone target not found
[usbmuxd] Start listen thread
[usbmuxd] Listen thread started
Native extension for iOS target not found
Native extension for Android target not found
Android Extension - Scanning For ADB Devices 252 ms
Mono: successfully reloaded assembly
- Finished resetting the current domain, in  0.605 seconds
Domain Reload Profiling: 986ms
	BeginReloadAssembly (96ms)
		ExecutionOrderSort (0ms)
		DisableScriptedObjects (0ms)
		BackupInstance (0ms)
		ReleaseScriptingObjects (0ms)
		CreateAndSetChildDomain (1ms)
	RebuildCommonClasses (36ms)
	RebuildNativeTypeToScriptingClass (12ms)
	initialDomainReloadingComplete (71ms)
	LoadAllAssembliesAndSetupDomain (165ms)
		LoadAssemblies (94ms)
		RebuildTransferFunctionScriptingTraits (0ms)
		AnalyzeDomain (157ms)
			TypeCache.Refresh (156ms)
				TypeCache.ScanAssembly (144ms)
			ScanForSourceGeneratedMonoScriptInfo (0ms)
			ResolveRequiredComponents (0ms)
	FinalizeReload (605ms)
		ReleaseScriptCaches (0ms)
		RebuildScriptCaches (0ms)
		SetupLoadedEditorAssemblies (543ms)
			LogAssemblyErrors (0ms)
			InitializePlatformSupportModulesInManaged (383ms)
			SetLoadedEditorAssemblies (4ms)
			RefreshPlugins (0ms)
			BeforeProcessingInitializeOnLoad (2ms)
			ProcessInitializeOnLoadAttributes (104ms)
			ProcessInitializeOnLoadMethodAttributes (50ms)
			AfterProcessingInitializeOnLoad (0ms)
			EditorAssembliesLoaded (0ms)
		ExecutionOrderSort2 (0ms)
		AwakeInstancesAfterBackupRestoration (0ms)
========================================================================
Worker process is ready to serve import requests
Begin MonoManager ReloadAssembly
Symbol file LoadedFromMemory doesn't match image C:\Users\Alex\Desktop\ciencia de dados\grupo2-CDI-20242-tg2\Unity\Ciência de Dados\Library\PackageCache\com.unity.visualscripting@1.8.0\Editor\VisualScripting.Core\Dependencies\YamlDotNet\Unity.VisualScripting.YamlDotNet.dll
Symbol file LoadedFromMemory doesn't match image C:\Users\Alex\Desktop\ciencia de dados\grupo2-CDI-20242-tg2\Unity\Ciência de Dados\Library\PackageCache\com.unity.visualscripting@1.8.0\Editor\VisualScripting.Core\Dependencies\DotNetZip\Unity.VisualScripting.IonicZip.dll
TypeRef ResolutionScope not yet handled (217) for .IMergeView in image C:\Users\Alex\Desktop\ciencia de dados\grupo2-CDI-20242-tg2\Unity\Ciência de Dados\Library\ScriptAssemblies\Unity.PlasticSCM.Editor.dll
Unloading broken assembly Library/ScriptAssemblies/Unity.PlasticSCM.Editor.dll, this assembly can cause crashes in the runtime
- Loaded All Assemblies, in  0.890 seconds
Refreshing native plugins compatible for Editor in 3.20 ms, found 3 plugins.
Could not load signature of Unity.PlasticSCM.Editor.Gluon.UpdateReport.UpdateReportDialog:ShowUpdateReport due to: Could not resolve type with token 0100006c from typeref (expected class 'Codice.Client.BaseCommands.ErrorMessage' in assembly 'unityplastic, Version=11.0.16.7995, Culture=neutral, PublicKeyToken=a107c9c6e34c8876') assembly:unityplastic, Version=11.0.16.7995, Culture=neutral, PublicKeyToken=a107c9c6e34c8876 type:Codice.Client.BaseCommands.ErrorMessage member:(null)
Could not load signature of Unity.PlasticSCM.Editor.Gluon.UpdateReport.UpdateReportDialog:UpdateUpdateReportList due to: Could not resolve type with token 0100006c from typeref (expected class 'Codice.Client.BaseCommands.ErrorMessage' in assembly 'unityplastic, Version=11.0.16.7995, Culture=neutral, PublicKeyToken=a107c9c6e34c8876') assembly:unityplastic, Version=11.0.16.7995, Culture=neutral, PublicKeyToken=a107c9c6e34c8876 type:Codice.Client.BaseCommands.ErrorMessage member:(null)
Could not load signature of Unity.PlasticSCM.Editor.Gluon.UpdateReport.UpdateReportDialog:GetErrorDetailsText due to: Could not resolve type with token 0100006c from typeref (expected class 'Codice.Client.BaseCommands.ErrorMessage' in assembly 'unityplastic, Version=11.0.16.7995, Culture=neutral, PublicKeyToken=a107c9c6e34c8876') assembly:unityplastic, Version=11.0.16.7995, Culture=neutral, PublicKeyToken=a107c9c6e34c8876 type:Codice.Client.BaseCommands.ErrorMessage member:(null)
Could not load signature of Unity.PlasticSCM.Editor.Gluon.UpdateReport.UpdateReportDialog:DoErrorDetailsTextArea due to: Could not resolve type with token 0100006c from typeref (expected class 'Codice.Client.BaseCommands.ErrorMessage' in assembly 'unityplastic, Version=11.0.16.7995, Culture=neutral, PublicKeyToken=a107c9c6e34c8876') assembly:unityplastic, Version=11.0.16.7995, Culture=neutral, PublicKeyToken=a107c9c6e34c8876 type:Codice.Client.BaseCommands.ErrorMessage member:(null)
Could not load signature of Unity.PlasticSCM.Editor.Gluon.UpdateReport.UpdateReportDialog:Create due to: Could not resolve type with token 0100006c from typeref (expected class 'Codice.Client.BaseCommands.ErrorMessage' in assembly 'unityplastic, Version=11.0.16.7995, Culture=neutral, PublicKeyToken=a107c9c6e34c8876') assembly:unityplastic, Version=11.0.16.7995, Culture=neutral, PublicKeyToken=a107c9c6e34c8876 type:Codice.Client.BaseCommands.ErrorMessage member:(null)
Could not load signature of Unity.PlasticSCM.Editor.Developer.UpdateReport.UpdateReportDialog:DoErrorDetailsTextArea due to: Could not resolve type with token 01000163 from typeref (expected class 'Codice.Client.BaseCommands.ReportLine' in assembly 'unityplastic, Version=11.0.16.7995, Culture=neutral, PublicKeyToken=a107c9c6e34c8876') assembly:unityplastic, Version=11.0.16.7995, Culture=neutral, PublicKeyToken=a107c9c6e34c8876 type:Codice.Client.BaseCommands.ReportLine member:(null)
Native extension for WindowsStandalone target not found
Native extension for iOS target not found
Native extension for Android target not found
Mono: successfully reloaded assembly
- Finished resetting the current domain, in  0.474 seconds
Domain Reload Profiling: 1361ms
	BeginReloadAssembly (135ms)
		ExecutionOrderSort (0ms)
		DisableScriptedObjects (6ms)
		BackupInstance (0ms)
		ReleaseScriptingObjects (0ms)
		CreateAndSetChildDomain (22ms)
	RebuildCommonClasses (37ms)
	RebuildNativeTypeToScriptingClass (13ms)
	initialDomainReloadingComplete (46ms)
	LoadAllAssembliesAndSetupDomain (655ms)
		LoadAssemblies (392ms)
		RebuildTransferFunctionScriptingTraits (0ms)
		AnalyzeDomain (327ms)
			TypeCache.Refresh (305ms)
				TypeCache.ScanAssembly (290ms)
			ScanForSourceGeneratedMonoScriptInfo (15ms)
			ResolveRequiredComponents (6ms)
	FinalizeReload (474ms)
		ReleaseScriptCaches (0ms)
		RebuildScriptCaches (0ms)
		SetupLoadedEditorAssemblies (303ms)
			LogAssemblyErrors (0ms)
			InitializePlatformSupportModulesInManaged (40ms)
			SetLoadedEditorAssemblies (4ms)
			RefreshPlugins (0ms)
			BeforeProcessingInitializeOnLoad (65ms)
			ProcessInitializeOnLoadAttributes (163ms)
			ProcessInitializeOnLoadMethodAttributes (23ms)
			AfterProcessingInitializeOnLoad (8ms)
			EditorAssembliesLoaded (0ms)
		ExecutionOrderSort2 (0ms)
		AwakeInstancesAfterBackupRestoration (7ms)
Launched and connected shader compiler UnityShaderCompiler.exe after 0.04 seconds
Refreshing native plugins compatible for Editor in 3.22 ms, found 3 plugins.
Preloading 0 native plugins for Editor in 0.00 ms.
Unloading 3092 Unused Serialized files (Serialized files now loaded: 0)
Unloading 29 unused Assets / (56.7 KB). Loaded Objects now: 3560.
Memory consumption went from 122.2 MB to 122.1 MB.
Total: 2.829600 ms (FindLiveObjects: 0.251800 ms CreateObjectMapping: 0.230900 ms MarkObjects: 2.244600 ms  DeleteObjects: 0.101300 ms)

AssetImportParameters requested are different than current active one (requested -> active):
  custom:container-demuxer-ogg: 62fdf1f143b41e24485cea50d1cbac27 -> 
  custom:scripting/precompiled-assembly-types:Unity.PlasticSCM.Editor: 1ef1cb9af7c7d64bd75bd621bba19cd7 -> 
  custom:video-decoder-ogg-theora: a1e56fd34408186e4bbccfd4996cb3dc -> 
  custom:framework-win-MediaFoundation: 216162199b28c13a410421893ffa2e32 -> 
  custom:CustomObjectIndexerAttribute: 756ad292c208cfabdd7b50bc23989ffe -> 
  custom:container-demuxer-webm: 4f35f7cbe854078d1ac9338744f61a02 -> 
  custom:container-muxer-webm: aa71ff27fc2769a1b78a27578f13a17b -> 
  custom:video-decoder-webm-vp8: 9c59270c3fd7afecdb556c50c9e8de78 -> 
  custom:AudioImporter_EditorPlatform: d09bf68614088b80899f8185d706f6e7 -> 
  custom:video-encoder-webm-vp8: eb34c28f22e8b96e1ab97ce403110664 -> 
  custom:audio-decoder-ogg-vorbis: bf7c407c2cedff20999df2af8eb42d56 -> 
  custom:audio-encoder-webm-vorbis: bf7c407c2cedff20999df2af8eb42d56 -> 
  custom:scripting/precompiled-assembly-types:unityplastic: c88b43b34128fd408eae2a5e7f1e6a51 -> 1b07f3d0d2a7bfbf691bf3af903a2067
========================================================================
Received Import Request.
  Time since last request: 259868.909543 seconds.
  path: Assets/Interface/pngs/rankIcon.png
  artifactKey: Guid(ea28748a95d2cd746b4008b79876277b) Importer(815301076,1909f56bfc062723c751e8b465ee728b)
Start importing Assets/Interface/pngs/rankIcon.png using Guid(ea28748a95d2cd746b4008b79876277b) Importer(815301076,1909f56bfc062723c751e8b465ee728b)  -> (artifact id: '2a0c38f3c1c7a53d7c755e1fe0b0f79f') in 0.066048 seconds
Number of updated asset objects reloaded before import = 0
Number of asset objects unloaded after import = 2
========================================================================
Received Import Request.
  Time since last request: 0.000024 seconds.
  path: Assets/Interface/pngs/mapIcon.png
  artifactKey: Guid(c797f027b7e85f74d80da3ffb69207fe) Importer(815301076,1909f56bfc062723c751e8b465ee728b)
Start importing Assets/Interface/pngs/mapIcon.png using Guid(c797f027b7e85f74d80da3ffb69207fe) Importer(815301076,1909f56bfc062723c751e8b465ee728b)  -> (artifact id: '3bb13e783fb77f5eb31083dbff6874f4') in 0.021748 seconds
Number of updated asset objects reloaded before import = 0
Number of asset objects unloaded after import = 2
========================================================================
Received Import Request.
  Time since last request: 0.000013 seconds.
  path: Assets/Interface/pngs/disabledButton1.png
  artifactKey: Guid(6940cae7f5f2b814aa7d4a4f62fe6829) Importer(815301076,1909f56bfc062723c751e8b465ee728b)
Start importing Assets/Interface/pngs/disabledButton1.png using Guid(6940cae7f5f2b814aa7d4a4f62fe6829) Importer(815301076,1909f56bfc062723c751e8b465ee728b)  -> (artifact id: '9670f806bdabc419375f899ecfe0f7d7') in 0.022106 seconds
Number of updated asset objects reloaded before import = 0
Number of asset objects unloaded after import = 2
========================================================================
Received Import Request.
  Time since last request: 0.000081 seconds.
  path: Assets/Interface/pngs/infoplayer.png
  artifactKey: Guid(0d603356c1116c94980317508acac79f) Importer(815301076,1909f56bfc062723c751e8b465ee728b)
Start importing Assets/Interface/pngs/infoplayer.png using Guid(0d603356c1116c94980317508acac79f) Importer(815301076,1909f56bfc062723c751e8b465ee728b)  -> (artifact id: 'e858dcc54c07d7b919763869629da3e9') in 0.023763 seconds
Number of updated asset objects reloaded before import = 0
Number of asset objects unloaded after import = 2
========================================================================
Received Import Request.
  Time since last request: 0.000014 seconds.
  path: Assets/Interface/pngs/disabledButton2.png
  artifactKey: Guid(de562b4d1092fda4798b84296349b772) Importer(815301076,1909f56bfc062723c751e8b465ee728b)
Start importing Assets/Interface/pngs/disabledButton2.png using Guid(de562b4d1092fda4798b84296349b772) Importer(815301076,1909f56bfc062723c751e8b465ee728b)  -> (artifact id: 'ee34b893cd71c29f611b40a50da2c738') in 0.020322 seconds
Number of updated asset objects reloaded before import = 0
Number of asset objects unloaded after import = 2
========================================================================
Received Import Request.
  Time since last request: 0.000053 seconds.
  path: Assets/Interface/pngs/button4.png
  artifactKey: Guid(cd0198441b1c9904ebcbdbcd8932aa0d) Importer(815301076,1909f56bfc062723c751e8b465ee728b)
Start importing Assets/Interface/pngs/button4.png using Guid(cd0198441b1c9904ebcbdbcd8932aa0d) Importer(815301076,1909f56bfc062723c751e8b465ee728b)  -> (artifact id: '3159fdc37e96f8b32d85de196b25364a') in 0.023040 seconds
Number of updated asset objects reloaded before import = 0
Number of asset objects unloaded after import = 2
========================================================================
Received Import Request.
  Time since last request: 0.000015 seconds.
  path: Assets/Interface/pngs/disabledButton3.png
  artifactKey: Guid(9bd4d2b3fed601c409be87ba8998c2e7) Importer(815301076,1909f56bfc062723c751e8b465ee728b)
Start importing Assets/Interface/pngs/disabledButton3.png using Guid(9bd4d2b3fed601c409be87ba8998c2e7) Importer(815301076,1909f56bfc062723c751e8b465ee728b)  -> (artifact id: 'fe38aa749511b62f5304da34748ba902') in 0.021707 seconds
Number of updated asset objects reloaded before import = 0
Number of asset objects unloaded after import = 2
========================================================================
Received Import Request.
  Time since last request: 0.000015 seconds.
  path: Assets/Interface/pngs/middle.png
  artifactKey: Guid(fd440d5a73183d343b61cead0a0f07cc) Importer(815301076,1909f56bfc062723c751e8b465ee728b)
Start importing Assets/Interface/pngs/middle.png using Guid(fd440d5a73183d343b61cead0a0f07cc) Importer(815301076,1909f56bfc062723c751e8b465ee728b)  -> (artifact id: 'd509344a6800dc77fb54dc3a84c094b4') in 0.020186 seconds
Number of updated asset objects reloaded before import = 0
Number of asset objects unloaded after import = 2
========================================================================
Received Import Request.
  Time since last request: 0.000015 seconds.
  path: Assets/Interface/pngs/blue.png
  artifactKey: Guid(bccd406b58b2a5541b2861f8f9547b83) Importer(815301076,1909f56bfc062723c751e8b465ee728b)
Start importing Assets/Interface/pngs/blue.png using Guid(bccd406b58b2a5541b2861f8f9547b83) Importer(815301076,1909f56bfc062723c751e8b465ee728b)  -> (artifact id: 'f4edbda4e5855e0582bd00f1217f63fc') in 0.020522 seconds
Number of updated asset objects reloaded before import = 0
Number of asset objects unloaded after import = 2
========================================================================
Received Import Request.
  Time since last request: 0.000016 seconds.
  path: Assets/Interface/pngs/detail.png
  artifactKey: Guid(92f598ac546ef9143a72adb37bc1cc11) Importer(815301076,1909f56bfc062723c751e8b465ee728b)
Start importing Assets/Interface/pngs/detail.png using Guid(92f598ac546ef9143a72adb37bc1cc11) Importer(815301076,1909f56bfc062723c751e8b465ee728b)  -> (artifact id: '169e49c96216286609a5bd046227fd28') in 0.020511 seconds
Number of updated asset objects reloaded before import = 0
Number of asset objects unloaded after import = 2
========================================================================
Received Import Request.
  Time since last request: 0.000014 seconds.
  path: Assets/Interface/pngs/icon.png
  artifactKey: Guid(eadf9671808e9f04d9997e545404e2c9) Importer(815301076,1909f56bfc062723c751e8b465ee728b)
Start importing Assets/Interface/pngs/icon.png using Guid(eadf9671808e9f04d9997e545404e2c9) Importer(815301076,1909f56bfc062723c751e8b465ee728b)  -> (artifact id: '49251d73055a991d2082b00af17bc1f9') in 0.021959 seconds
Number of updated asset objects reloaded before import = 0
Number of asset objects unloaded after import = 2
========================================================================
Received Import Request.
  Time since last request: 0.000017 seconds.
  path: Assets/Interface/pngs/heimerdinger-emote.png
  artifactKey: Guid(18c3801f935ead94086104f196aef50e) Importer(815301076,1909f56bfc062723c751e8b465ee728b)
Start importing Assets/Interface/pngs/heimerdinger-emote.png using Guid(18c3801f935ead94086104f196aef50e) Importer(815301076,1909f56bfc062723c751e8b465ee728b)  -> (artifact id: 'a0227cfe6d02da1c4cdc400418a6a9a5') in 0.022709 seconds
Number of updated asset objects reloaded before import = 0
Number of asset objects unloaded after import = 2
========================================================================
Received Import Request.
  Time since last request: 0.000023 seconds.
  path: Assets/Interface/pngs/configIcon.png
  artifactKey: Guid(095e2f0694120d446959a807473cff95) Importer(815301076,1909f56bfc062723c751e8b465ee728b)
Start importing Assets/Interface/pngs/configIcon.png using Guid(095e2f0694120d446959a807473cff95) Importer(815301076,1909f56bfc062723c751e8b465ee728b)  -> (artifact id: 'cfd18859ebc7f372f2e96b62b97fd00c') in 0.020078 seconds
Number of updated asset objects reloaded before import = 0
Number of asset objects unloaded after import = 2
========================================================================
Received Import Request.
  Time since last request: 0.000013 seconds.
  path: Assets/Interface/pngs/red.png
  artifactKey: Guid(c864c11599a7c4846bc99c7784b7b114) Importer(815301076,1909f56bfc062723c751e8b465ee728b)
Start importing Assets/Interface/pngs/red.png using Guid(c864c11599a7c4846bc99c7784b7b114) Importer(815301076,1909f56bfc062723c751e8b465ee728b)  -> (artifact id: 'a388bf768793c518c5f9ed2b4f1d19da') in 0.021572 seconds
Number of updated asset objects reloaded before import = 0
Number of asset objects unloaded after import = 2
========================================================================
Received Import Request.
  Time since last request: 0.000013 seconds.
  path: Assets/Interface/pngs/adc.png
  artifactKey: Guid(8ae1587d8b621fe429f903e984579a64) Importer(815301076,1909f56bfc062723c751e8b465ee728b)
Start importing Assets/Interface/pngs/adc.png using Guid(8ae1587d8b621fe429f903e984579a64) Importer(815301076,1909f56bfc062723c751e8b465ee728b)  -> (artifact id: '413601b32a22077db6584094fe5ab6e8') in 0.020379 seconds
Number of updated asset objects reloaded before import = 0
Number of asset objects unloaded after import = 2
========================================================================
Received Import Request.
  Time since last request: 0.000013 seconds.
  path: Assets/Interface/pngs/button2.png
  artifactKey: Guid(b9057b6f83c8a6e4a88e574702baea10) Importer(815301076,1909f56bfc062723c751e8b465ee728b)
Start importing Assets/Interface/pngs/button2.png using Guid(b9057b6f83c8a6e4a88e574702baea10) Importer(815301076,1909f56bfc062723c751e8b465ee728b)  -> (artifact id: 'd79761fd8c4d1bcdaec953b3e2697e8c') in 0.020475 seconds
Number of updated asset objects reloaded before import = 0
Number of asset objects unloaded after import = 2
========================================================================
Received Import Request.
  Time since last request: 0.000015 seconds.
  path: Assets/Interface/pngs/top.png
  artifactKey: Guid(db94c7d786ebc2c49bc125b60bcea172) Importer(815301076,1909f56bfc062723c751e8b465ee728b)
Start importing Assets/Interface/pngs/top.png using Guid(db94c7d786ebc2c49bc125b60bcea172) Importer(815301076,1909f56bfc062723c751e8b465ee728b)  -> (artifact id: 'df685d36b9d50f5df414b6eb6ad89fd4') in 0.025276 seconds
Number of updated asset objects reloaded before import = 0
Number of asset objects unloaded after import = 2
========================================================================
Received Import Request.
  Time since last request: 0.000015 seconds.
  path: Assets/Interface/pngs/Background.png
  artifactKey: Guid(ef2aed64bbfe0fa44bc26d4a39be5fbf) Importer(815301076,1909f56bfc062723c751e8b465ee728b)
Start importing Assets/Interface/pngs/Background.png using Guid(ef2aed64bbfe0fa44bc26d4a39be5fbf) Importer(815301076,1909f56bfc062723c751e8b465ee728b)  -> (artifact id: '63f17683e9bc4583649b0d917ad1c6a9') in 0.026507 seconds
Number of updated asset objects reloaded before import = 0
Number of asset objects unloaded after import = 2
========================================================================
Received Import Request.
  Time since last request: 0.000014 seconds.
  path: Assets/Interface/pngs/jungle.png
  artifactKey: Guid(4db88b7b4af958747a7b6a26feb145a8) Importer(815301076,1909f56bfc062723c751e8b465ee728b)
Start importing Assets/Interface/pngs/jungle.png using Guid(4db88b7b4af958747a7b6a26feb145a8) Importer(815301076,1909f56bfc062723c751e8b465ee728b)  -> (artifact id: 'ffa59588c89eb9309328dfbf5905cf7b') in 0.021566 seconds
Number of updated asset objects reloaded before import = 0
Number of asset objects unloaded after import = 2
========================================================================
Received Import Request.
  Time since last request: 0.000014 seconds.
  path: Assets/Interface/pngs
  artifactKey: Guid(e86234c675deff54bb10df636cd196f1) Importer(815301076,1909f56bfc062723c751e8b465ee728b)
Start importing Assets/Interface/pngs using Guid(e86234c675deff54bb10df636cd196f1) Importer(815301076,1909f56bfc062723c751e8b465ee728b)  -> (artifact id: 'c5142f5f55594027719a5582696c336c') in 0.000425 seconds
Number of updated asset objects reloaded before import = 0
Number of asset objects unloaded after import = 0
========================================================================
Received Import Request.
  Time since last request: 0.000050 seconds.
  path: Assets/Interface/pngs/sup.png
  artifactKey: Guid(a9735dd56e77df142a51e3b65b1e09da) Importer(815301076,1909f56bfc062723c751e8b465ee728b)
Start importing Assets/Interface/pngs/sup.png using Guid(a9735dd56e77df142a51e3b65b1e09da) Importer(815301076,1909f56bfc062723c751e8b465ee728b)  -> (artifact id: 'd3a5e4128f6f97edd135339ead6376d3') in 0.020850 seconds
Number of updated asset objects reloaded before import = 0
Number of asset objects unloaded after import = 2
========================================================================
Received Import Request.
  Time since last request: 0.000013 seconds.
  path: Assets/Interface/pngs/randomIcon.png
  artifactKey: Guid(acdbc339d764ac543823d1f6ca38e3fc) Importer(815301076,1909f56bfc062723c751e8b465ee728b)
Start importing Assets/Interface/pngs/randomIcon.png using Guid(acdbc339d764ac543823d1f6ca38e3fc) Importer(815301076,1909f56bfc062723c751e8b465ee728b)  -> (artifact id: '3fc6a5c0a0a487ecba3faa5a9e717f71') in 0.020291 seconds
Number of updated asset objects reloaded before import = 0
Number of asset objects unloaded after import = 2
========================================================================
Received Import Request.
  Time since last request: 0.000013 seconds.
  path: Assets/Interface/pngs/button1.png
  artifactKey: Guid(975ef4f739d762a40b0828246ae8e6a4) Importer(815301076,1909f56bfc062723c751e8b465ee728b)
Start importing Assets/Interface/pngs/button1.png using Guid(975ef4f739d762a40b0828246ae8e6a4) Importer(815301076,1909f56bfc062723c751e8b465ee728b)  -> (artifact id: 'd1105cb370adb35e0363ec40bcfc5872') in 0.024480 seconds
Number of updated asset objects reloaded before import = 0
Number of asset objects unloaded after import = 2
========================================================================
Received Import Request.
  Time since last request: 12.447822 seconds.
  path: Assets/Interface/pngs/beaufort-for-lol.zip
  artifactKey: Guid(0d94a2f4e9e067f47874166ccf1befa2) Importer(815301076,1909f56bfc062723c751e8b465ee728b)
Start importing Assets/Interface/pngs/beaufort-for-lol.zip using Guid(0d94a2f4e9e067f47874166ccf1befa2) Importer(815301076,1909f56bfc062723c751e8b465ee728b)  -> (artifact id: 'd0ec5a83dc95701595103b5b7925d213') in 0.000981 seconds
Number of updated asset objects reloaded before import = 0
Number of asset objects unloaded after import = 1
========================================================================
Received Import Request.
  Time since last request: 66.946426 seconds.
  path: Assets/Interface/pngs/Background.png
  artifactKey: Guid(ef2aed64bbfe0fa44bc26d4a39be5fbf) Importer(815301076,1909f56bfc062723c751e8b465ee728b)
Start importing Assets/Interface/pngs/Background.png using Guid(ef2aed64bbfe0fa44bc26d4a39be5fbf) Importer(815301076,1909f56bfc062723c751e8b465ee728b)  -> (artifact id: '78e453c177758370d0b76d0621d2e454') in 0.045925 seconds
Number of updated asset objects reloaded before import = 0
Number of asset objects unloaded after import = 3
========================================================================
Received Import Request.
  Time since last request: 0.000023 seconds.
  path: Assets/Interface/pngs/rankIcon.png
  artifactKey: Guid(ea28748a95d2cd746b4008b79876277b) Importer(815301076,1909f56bfc062723c751e8b465ee728b)
Start importing Assets/Interface/pngs/rankIcon.png using Guid(ea28748a95d2cd746b4008b79876277b) Importer(815301076,1909f56bfc062723c751e8b465ee728b)  -> (artifact id: '4d603ce08bea27048063f9634757dee5') in 0.028390 seconds
Number of updated asset objects reloaded before import = 0
Number of asset objects unloaded after import = 3
========================================================================
Received Import Request.
  Time since last request: 0.000025 seconds.
  path: Assets/Interface/pngs/mapIcon.png
  artifactKey: Guid(c797f027b7e85f74d80da3ffb69207fe) Importer(815301076,1909f56bfc062723c751e8b465ee728b)
Start importing Assets/Interface/pngs/mapIcon.png using Guid(c797f027b7e85f74d80da3ffb69207fe) Importer(815301076,1909f56bfc062723c751e8b465ee728b)  -> (artifact id: '83a68922632268aba0435461d6165405') in 0.027950 seconds
Number of updated asset objects reloaded before import = 0
Number of asset objects unloaded after import = 3
========================================================================
Received Import Request.
  Time since last request: 0.000017 seconds.
  path: Assets/Interface/pngs/disabledButton1.png
  artifactKey: Guid(6940cae7f5f2b814aa7d4a4f62fe6829) Importer(815301076,1909f56bfc062723c751e8b465ee728b)
Start importing Assets/Interface/pngs/disabledButton1.png using Guid(6940cae7f5f2b814aa7d4a4f62fe6829) Importer(815301076,1909f56bfc062723c751e8b465ee728b)  -> (artifact id: 'c007ed9225d24dc39382a0d0b57ed00c') in 0.034876 seconds
Number of updated asset objects reloaded before import = 0
Number of asset objects unloaded after import = 3
========================================================================
Received Import Request.
  Time since last request: 0.000016 seconds.
  path: Assets/Interface/pngs/infoplayer.png
  artifactKey: Guid(0d603356c1116c94980317508acac79f) Importer(815301076,1909f56bfc062723c751e8b465ee728b)
Start importing Assets/Interface/pngs/infoplayer.png using Guid(0d603356c1116c94980317508acac79f) Importer(815301076,1909f56bfc062723c751e8b465ee728b)  -> (artifact id: 'fa267881c007cc0f817bde5ec12fa05a') in 0.033314 seconds
Number of updated asset objects reloaded before import = 0
Number of asset objects unloaded after import = 3
========================================================================
Received Import Request.
  Time since last request: 0.000021 seconds.
  path: Assets/Interface/pngs/disabledButton2.png
  artifactKey: Guid(de562b4d1092fda4798b84296349b772) Importer(815301076,1909f56bfc062723c751e8b465ee728b)
Start importing Assets/Interface/pngs/disabledButton2.png using Guid(de562b4d1092fda4798b84296349b772) Importer(815301076,1909f56bfc062723c751e8b465ee728b)  -> (artifact id: '63a4c195414a2c094e7cef7324fd170e') in 0.024540 seconds
Number of updated asset objects reloaded before import = 0
Number of asset objects unloaded after import = 3
========================================================================
Received Import Request.
  Time since last request: 0.000017 seconds.
  path: Assets/Interface/pngs/button4.png
  artifactKey: Guid(cd0198441b1c9904ebcbdbcd8932aa0d) Importer(815301076,1909f56bfc062723c751e8b465ee728b)
Start importing Assets/Interface/pngs/button4.png using Guid(cd0198441b1c9904ebcbdbcd8932aa0d) Importer(815301076,1909f56bfc062723c751e8b465ee728b)  -> (artifact id: '4306874e0eb1de8f0e8c017800732809') in 0.022727 seconds
Number of updated asset objects reloaded before import = 0
Number of asset objects unloaded after import = 3
========================================================================
Received Import Request.
  Time since last request: 0.000015 seconds.
  path: Assets/Interface/pngs/disabledButton3.png
  artifactKey: Guid(9bd4d2b3fed601c409be87ba8998c2e7) Importer(815301076,1909f56bfc062723c751e8b465ee728b)
Start importing Assets/Interface/pngs/disabledButton3.png using Guid(9bd4d2b3fed601c409be87ba8998c2e7) Importer(815301076,1909f56bfc062723c751e8b465ee728b)  -> (artifact id: 'ddc71fc457c129dd333360299d259d7a') in 0.022849 seconds
Number of updated asset objects reloaded before import = 0
Number of asset objects unloaded after import = 3
========================================================================
Received Import Request.
  Time since last request: 0.000018 seconds.
  path: Assets/Interface/pngs/middle.png
  artifactKey: Guid(fd440d5a73183d343b61cead0a0f07cc) Importer(815301076,1909f56bfc062723c751e8b465ee728b)
Start importing Assets/Interface/pngs/middle.png using Guid(fd440d5a73183d343b61cead0a0f07cc) Importer(815301076,1909f56bfc062723c751e8b465ee728b)  -> (artifact id: '8dcc2fce8007aa3f33ee6af742b46417') in 0.022496 seconds
Number of updated asset objects reloaded before import = 0
Number of asset objects unloaded after import = 3
========================================================================
Received Import Request.
  Time since last request: 0.000017 seconds.
  path: Assets/Interface/pngs/blue.png
  artifactKey: Guid(bccd406b58b2a5541b2861f8f9547b83) Importer(815301076,1909f56bfc062723c751e8b465ee728b)
Start importing Assets/Interface/pngs/blue.png using Guid(bccd406b58b2a5541b2861f8f9547b83) Importer(815301076,1909f56bfc062723c751e8b465ee728b)  -> (artifact id: '8eb0058def029ae246bfa19ad7cc4aeb') in 0.024731 seconds
Number of updated asset objects reloaded before import = 0
Number of asset objects unloaded after import = 3
========================================================================
Received Import Request.
  Time since last request: 0.000023 seconds.
  path: Assets/Interface/pngs/detail.png
  artifactKey: Guid(92f598ac546ef9143a72adb37bc1cc11) Importer(815301076,1909f56bfc062723c751e8b465ee728b)
Start importing Assets/Interface/pngs/detail.png using Guid(92f598ac546ef9143a72adb37bc1cc11) Importer(815301076,1909f56bfc062723c751e8b465ee728b)  -> (artifact id: 'df7c74eebda53d596cc6ac0011db93f9') in 0.025517 seconds
Number of updated asset objects reloaded before import = 0
Number of asset objects unloaded after import = 3
========================================================================
Received Import Request.
  Time since last request: 0.000022 seconds.
  path: Assets/Interface/pngs/icon.png
  artifactKey: Guid(eadf9671808e9f04d9997e545404e2c9) Importer(815301076,1909f56bfc062723c751e8b465ee728b)
Start importing Assets/Interface/pngs/icon.png using Guid(eadf9671808e9f04d9997e545404e2c9) Importer(815301076,1909f56bfc062723c751e8b465ee728b)  -> (artifact id: '3300b7b2b3d5f0e56f9bcdc28fb29017') in 0.022854 seconds
Number of updated asset objects reloaded before import = 0
Number of asset objects unloaded after import = 3
========================================================================
Received Import Request.
  Time since last request: 0.000032 seconds.
  path: Assets/Interface/pngs/heimerdinger-emote.png
  artifactKey: Guid(18c3801f935ead94086104f196aef50e) Importer(815301076,1909f56bfc062723c751e8b465ee728b)
Start importing Assets/Interface/pngs/heimerdinger-emote.png using Guid(18c3801f935ead94086104f196aef50e) Importer(815301076,1909f56bfc062723c751e8b465ee728b)  -> (artifact id: '5ab7bfd911d85185bba90f61f5ff796b') in 0.024012 seconds
Number of updated asset objects reloaded before import = 0
Number of asset objects unloaded after import = 3
========================================================================
Received Import Request.
  Time since last request: 0.000046 seconds.
  path: Assets/Interface/pngs/configIcon.png
  artifactKey: Guid(095e2f0694120d446959a807473cff95) Importer(815301076,1909f56bfc062723c751e8b465ee728b)
Start importing Assets/Interface/pngs/configIcon.png using Guid(095e2f0694120d446959a807473cff95) Importer(815301076,1909f56bfc062723c751e8b465ee728b)  -> (artifact id: '106e6eadc1ff9ddef5771bf094a9197f') in 0.024628 seconds
Number of updated asset objects reloaded before import = 0
Number of asset objects unloaded after import = 3
========================================================================
Received Import Request.
  Time since last request: 0.000020 seconds.
  path: Assets/Interface/pngs/red.png
  artifactKey: Guid(c864c11599a7c4846bc99c7784b7b114) Importer(815301076,1909f56bfc062723c751e8b465ee728b)
Start importing Assets/Interface/pngs/red.png using Guid(c864c11599a7c4846bc99c7784b7b114) Importer(815301076,1909f56bfc062723c751e8b465ee728b)  -> (artifact id: 'c22a13f628a36bd608bb15377fcc253c') in 0.024411 seconds
Number of updated asset objects reloaded before import = 0
Number of asset objects unloaded after import = 3
========================================================================
Received Import Request.
  Time since last request: 0.000022 seconds.
  path: Assets/Interface/pngs/button2.png
  artifactKey: Guid(b9057b6f83c8a6e4a88e574702baea10) Importer(815301076,1909f56bfc062723c751e8b465ee728b)
Start importing Assets/Interface/pngs/button2.png using Guid(b9057b6f83c8a6e4a88e574702baea10) Importer(815301076,1909f56bfc062723c751e8b465ee728b)  -> (artifact id: '7ee9d3302d1b6a25d467a054e9fdd8c2') in 0.023036 seconds
Number of updated asset objects reloaded before import = 0
Number of asset objects unloaded after import = 3
========================================================================
Received Import Request.
  Time since last request: 0.000039 seconds.
  path: Assets/Interface/pngs/top.png
  artifactKey: Guid(db94c7d786ebc2c49bc125b60bcea172) Importer(815301076,1909f56bfc062723c751e8b465ee728b)
Start importing Assets/Interface/pngs/top.png using Guid(db94c7d786ebc2c49bc125b60bcea172) Importer(815301076,1909f56bfc062723c751e8b465ee728b)  -> (artifact id: 'a8a6fc8df6803c0d33dec7fde5ba035d') in 0.021871 seconds
Number of updated asset objects reloaded before import = 0
Number of asset objects unloaded after import = 3
========================================================================
Received Import Request.
  Time since last request: 0.000043 seconds.
  path: Assets/Interface/pngs/jungle.png
  artifactKey: Guid(4db88b7b4af958747a7b6a26feb145a8) Importer(815301076,1909f56bfc062723c751e8b465ee728b)
Start importing Assets/Interface/pngs/jungle.png using Guid(4db88b7b4af958747a7b6a26feb145a8) Importer(815301076,1909f56bfc062723c751e8b465ee728b)  -> (artifact id: '5820b2e34fd81f343e05bcd3b1b0efb2') in 0.024383 seconds
Number of updated asset objects reloaded before import = 0
Number of asset objects unloaded after import = 3
========================================================================
Received Import Request.
  Time since last request: 0.000022 seconds.
  path: Assets/Interface/pngs/sup.png
  artifactKey: Guid(a9735dd56e77df142a51e3b65b1e09da) Importer(815301076,1909f56bfc062723c751e8b465ee728b)
Start importing Assets/Interface/pngs/sup.png using Guid(a9735dd56e77df142a51e3b65b1e09da) Importer(815301076,1909f56bfc062723c751e8b465ee728b)  -> (artifact id: 'b91ca0518e22968c4c4537afdca69a8d') in 0.023764 seconds
Number of updated asset objects reloaded before import = 0
Number of asset objects unloaded after import = 3
========================================================================
Received Import Request.
  Time since last request: 0.000018 seconds.
  path: Assets/Interface/pngs/randomIcon.png
  artifactKey: Guid(acdbc339d764ac543823d1f6ca38e3fc) Importer(815301076,1909f56bfc062723c751e8b465ee728b)
Start importing Assets/Interface/pngs/randomIcon.png using Guid(acdbc339d764ac543823d1f6ca38e3fc) Importer(815301076,1909f56bfc062723c751e8b465ee728b)  -> (artifact id: '9e3470a20ed44845b4eed47788e5902e') in 0.023047 seconds
Number of updated asset objects reloaded before import = 0
Number of asset objects unloaded after import = 3
========================================================================
Received Import Request.
  Time since last request: 0.000025 seconds.
  path: Assets/Interface/pngs/button1.png
  artifactKey: Guid(975ef4f739d762a40b0828246ae8e6a4) Importer(815301076,1909f56bfc062723c751e8b465ee728b)
Start importing Assets/Interface/pngs/button1.png using Guid(975ef4f739d762a40b0828246ae8e6a4) Importer(815301076,1909f56bfc062723c751e8b465ee728b)  -> (artifact id: 'dc30f76239e9d7725702e6b125005444') in 0.023290 seconds
Number of updated asset objects reloaded before import = 0
Number of asset objects unloaded after import = 3
========================================================================
Received Import Request.
  Time since last request: 216.957729 seconds.
  path: Assets/Interface/pngs/Font
  artifactKey: Guid(17f1738680762fc45a196a50640de0a4) Importer(815301076,1909f56bfc062723c751e8b465ee728b)
Start importing Assets/Interface/pngs/Font using Guid(17f1738680762fc45a196a50640de0a4) Importer(815301076,1909f56bfc062723c751e8b465ee728b)  -> (artifact id: '4522ee284e290cc42127f842db2ac039') in 0.000596 seconds
Number of updated asset objects reloaded before import = 0
Number of asset objects unloaded after import = 0
========================================================================
Received Import Request.
  Time since last request: 0.666409 seconds.
  path: Assets/Interface/pngs/Font/beaufort-for-lol
  artifactKey: Guid(20e9dd8ad6e9725498d98d7bd23c240d) Importer(815301076,1909f56bfc062723c751e8b465ee728b)
Start importing Assets/Interface/pngs/Font/beaufort-for-lol using Guid(20e9dd8ad6e9725498d98d7bd23c240d) Importer(815301076,1909f56bfc062723c751e8b465ee728b)  -> (artifact id: '657dcf8f9ef10f7f6ce84789ec7b758a') in 0.000558 seconds
Number of updated asset objects reloaded before import = 0
Number of asset objects unloaded after import = 0
========================================================================
Received Import Request.
  Time since last request: 0.047353 seconds.
  path: Assets/Interface/pngs/Font/beaufort-for-lol/BeaufortforLOL-Bold.ttf
  artifactKey: Guid(0e87972b2d0ac8d44a3e80936760f228) Importer(815301076,1909f56bfc062723c751e8b465ee728b)
Start importing Assets/Interface/pngs/Font/beaufort-for-lol/BeaufortforLOL-Bold.ttf using Guid(0e87972b2d0ac8d44a3e80936760f228) Importer(815301076,1909f56bfc062723c751e8b465ee728b)  -> (artifact id: '5cec03c973e160e801740e2462c5bd5b') in 0.046735 seconds
Number of updated asset objects reloaded before import = 0
Number of asset objects unloaded after import = 4
========================================================================
Received Import Request.
  Time since last request: 0.000021 seconds.
  path: Assets/Interface/pngs/Font/beaufort-for-lol/BeaufortforLOL-Light.ttf
  artifactKey: Guid(0c94ff45ab1dd7048a1b82bf79966fa3) Importer(815301076,1909f56bfc062723c751e8b465ee728b)
Start importing Assets/Interface/pngs/Font/beaufort-for-lol/BeaufortforLOL-Light.ttf using Guid(0c94ff45ab1dd7048a1b82bf79966fa3) Importer(815301076,1909f56bfc062723c751e8b465ee728b)  -> (artifact id: '84b41d834237dd9994a0d04bb77b9859') in 0.010346 seconds
Number of updated asset objects reloaded before import = 0
Number of asset objects unloaded after import = 4
========================================================================
Received Import Request.
  Time since last request: 0.000024 seconds.
  path: Assets/Interface/pngs/Font/beaufort-for-lol/BeaufortforLOL-Regular.ttf
  artifactKey: Guid(a8d3f3a185da7264bab384b27ea1a153) Importer(815301076,1909f56bfc062723c751e8b465ee728b)
Start importing Assets/Interface/pngs/Font/beaufort-for-lol/BeaufortforLOL-Regular.ttf using Guid(a8d3f3a185da7264bab384b27ea1a153) Importer(815301076,1909f56bfc062723c751e8b465ee728b)  -> (artifact id: '1d38cf852448cf9c939d3060d5cbe68a') in 0.009500 seconds
Number of updated asset objects reloaded before import = 0
Number of asset objects unloaded after import = 4
========================================================================
Received Import Request.
  Time since last request: 0.000021 seconds.
  path: Assets/Interface/pngs/Font/beaufort-for-lol/BeaufortforLOL-BoldItalic.ttf
  artifactKey: Guid(458b67ec7fdae9c488583284b70378fb) Importer(815301076,1909f56bfc062723c751e8b465ee728b)
Start importing Assets/Interface/pngs/Font/beaufort-for-lol/BeaufortforLOL-BoldItalic.ttf using Guid(458b67ec7fdae9c488583284b70378fb) Importer(815301076,1909f56bfc062723c751e8b465ee728b)  -> (artifact id: '8365d1d9c2e201eea83a48fe7011c64d') in 0.009893 seconds
Number of updated asset objects reloaded before import = 0
Number of asset objects unloaded after import = 4
========================================================================
Received Import Request.
  Time since last request: 0.000018 seconds.
  path: Assets/Interface/pngs/Font/beaufort-for-lol/BeaufortforLOL-HeavyItalic.ttf
  artifactKey: Guid(f4ae703783610ca41bcc4f75530c6d6b) Importer(815301076,1909f56bfc062723c751e8b465ee728b)
Start importing Assets/Interface/pngs/Font/beaufort-for-lol/BeaufortforLOL-HeavyItalic.ttf using Guid(f4ae703783610ca41bcc4f75530c6d6b) Importer(815301076,1909f56bfc062723c751e8b465ee728b)  -> (artifact id: 'c41e58104cfe7f5c59ffba13b463792e') in 0.009438 seconds
Number of updated asset objects reloaded before import = 0
Number of asset objects unloaded after import = 4
========================================================================
Received Import Request.
  Time since last request: 0.000019 seconds.
  path: Assets/Interface/pngs/Font/beaufort-for-lol/BeaufortforLOL-Heavy.ttf
  artifactKey: Guid(9d2273bec2bf530419133ac64c173bd8) Importer(815301076,1909f56bfc062723c751e8b465ee728b)
Start importing Assets/Interface/pngs/Font/beaufort-for-lol/BeaufortforLOL-Heavy.ttf using Guid(9d2273bec2bf530419133ac64c173bd8) Importer(815301076,1909f56bfc062723c751e8b465ee728b)  -> (artifact id: '55b025382fd84faef9ff8f6f76e34671') in 0.009617 seconds
Number of updated asset objects reloaded before import = 0
Number of asset objects unloaded after import = 4
========================================================================
Received Import Request.
  Time since last request: 0.000019 seconds.
  path: Assets/Interface/pngs/Font/beaufort-for-lol/BeaufortforLOL-LightItalic.ttf
  artifactKey: Guid(4df152fe6f7d72d4d963f87d63243c62) Importer(815301076,1909f56bfc062723c751e8b465ee728b)
Start importing Assets/Interface/pngs/Font/beaufort-for-lol/BeaufortforLOL-LightItalic.ttf using Guid(4df152fe6f7d72d4d963f87d63243c62) Importer(815301076,1909f56bfc062723c751e8b465ee728b)  -> (artifact id: '141437fe5be64779f9cce6ba89b1bc13') in 0.010199 seconds
Number of updated asset objects reloaded before import = 0
Number of asset objects unloaded after import = 4
========================================================================
Received Import Request.
  Time since last request: 0.000015 seconds.
  path: Assets/Interface/pngs/Font/beaufort-for-lol/BeaufortforLOL-Medium.ttf
  artifactKey: Guid(6e2c6c3679cc5e24787477cae8d8e750) Importer(815301076,1909f56bfc062723c751e8b465ee728b)
Start importing Assets/Interface/pngs/Font/beaufort-for-lol/BeaufortforLOL-Medium.ttf using Guid(6e2c6c3679cc5e24787477cae8d8e750) Importer(815301076,1909f56bfc062723c751e8b465ee728b)  -> (artifact id: 'f099dbb3873543c874cfeabc0a632623') in 0.009399 seconds
Number of updated asset objects reloaded before import = 0
Number of asset objects unloaded after import = 4
========================================================================
Received Import Request.
  Time since last request: 0.000023 seconds.
  path: Assets/Interface/pngs/Font/beaufort-for-lol/BeaufortforLOL-Italic.ttf
  artifactKey: Guid(e618ccd571cf9254faa6041fbcaaa7f8) Importer(815301076,1909f56bfc062723c751e8b465ee728b)
Start importing Assets/Interface/pngs/Font/beaufort-for-lol/BeaufortforLOL-Italic.ttf using Guid(e618ccd571cf9254faa6041fbcaaa7f8) Importer(815301076,1909f56bfc062723c751e8b465ee728b)  -> (artifact id: '5a275d6c470edb5ebcc79fa7fa56a979') in 0.010154 seconds
Number of updated asset objects reloaded before import = 0
Number of asset objects unloaded after import = 4
========================================================================
Received Import Request.
  Time since last request: 0.000014 seconds.
  path: Assets/Interface/pngs/Font/beaufort-for-lol/BeaufortforLOL-MediumItalic.ttf
  artifactKey: Guid(4df591b0e1ff80b4599054c14e216758) Importer(815301076,1909f56bfc062723c751e8b465ee728b)
Start importing Assets/Interface/pngs/Font/beaufort-for-lol/BeaufortforLOL-MediumItalic.ttf using Guid(4df591b0e1ff80b4599054c14e216758) Importer(815301076,1909f56bfc062723c751e8b465ee728b)  -> (artifact id: '4503b95cf95a40821ffb47ee7cc6ed84') in 0.009853 seconds
Number of updated asset objects reloaded before import = 0
Number of asset objects unloaded after import = 4
========================================================================
Received Import Request.
  Time since last request: 20.902815 seconds.
  path: Assets/TextMesh Pro/Fonts/LiberationSans.ttf
  artifactKey: Guid(e3265ab4bf004d28a9537516768c1c75) Importer(815301076,1909f56bfc062723c751e8b465ee728b)
Start importing Assets/TextMesh Pro/Fonts/LiberationSans.ttf using Guid(e3265ab4bf004d28a9537516768c1c75) Importer(815301076,1909f56bfc062723c751e8b465ee728b)  -> (artifact id: '8756f7c291147a75e95d0f4a0d9e7e56') in 0.016340 seconds
Number of updated asset objects reloaded before import = 0
Number of asset objects unloaded after import = 4
========================================================================
Received Import Request.
  Time since last request: 13.628794 seconds.
  path: Assets/Interface/pngs/Font/beaufort-for-lol/BeaufortforLOL-Bold SDF.asset
  artifactKey: Guid(3d00340738d04084499a4fb80697c6df) Importer(815301076,1909f56bfc062723c751e8b465ee728b)
Start importing Assets/Interface/pngs/Font/beaufort-for-lol/BeaufortforLOL-Bold SDF.asset using Guid(3d00340738d04084499a4fb80697c6df) Importer(815301076,1909f56bfc062723c751e8b465ee728b) Shader 'TextMeshPro/Distance Field': fallback shader 'TextMeshPro/Mobile/Distance Field' not found
 -> (artifact id: 'b1415b189d3e6feecc19afbfd0004270') in 0.097400 seconds
Number of updated asset objects reloaded before import = 0
Number of asset objects unloaded after import = 7
========================================================================
Received Import Request.
  Time since last request: 13.492376 seconds.
  path: Assets/Interface/pngs/Font/beaufort-for-lol/BeaufortforLOL-BoldItalic SDF.asset
  artifactKey: Guid(7ffb5e101ab6c2e40a1af0db3a78f4cb) Importer(815301076,1909f56bfc062723c751e8b465ee728b)
Start importing Assets/Interface/pngs/Font/beaufort-for-lol/BeaufortforLOL-BoldItalic SDF.asset using Guid(7ffb5e101ab6c2e40a1af0db3a78f4cb) Importer(815301076,1909f56bfc062723c751e8b465ee728b) Shader 'TextMeshPro/Distance Field': fallback shader 'TextMeshPro/Mobile/Distance Field' not found
 -> (artifact id: '838430b5b8cf6cc2b85612cce86e0b63') in 0.025990 seconds
Number of updated asset objects reloaded before import = 0
Number of asset objects unloaded after import = 7
========================================================================
Received Import Request.
  Time since last request: 0.000019 seconds.
  path: Assets/Interface/pngs/Font/beaufort-for-lol/BeaufortforLOL-Italic SDF.asset
  artifactKey: Guid(56003404373d5e34e88c053b32be2099) Importer(815301076,1909f56bfc062723c751e8b465ee728b)
Start importing Assets/Interface/pngs/Font/beaufort-for-lol/BeaufortforLOL-Italic SDF.asset using Guid(56003404373d5e34e88c053b32be2099) Importer(815301076,1909f56bfc062723c751e8b465ee728b) Shader 'TextMeshPro/Distance Field': fallback shader 'TextMeshPro/Mobile/Distance Field' not found
 -> (artifact id: 'd522b6b21685b2a152e687e440b82f56') in 0.036494 seconds
Number of updated asset objects reloaded before import = 0
Number of asset objects unloaded after import = 7
========================================================================
Received Import Request.
  Time since last request: 0.000014 seconds.
  path: Assets/Interface/pngs/Font/beaufort-for-lol/BeaufortforLOL-Light SDF.asset
  artifactKey: Guid(1513ba4298ca00b40894db9605bfe5cd) Importer(815301076,1909f56bfc062723c751e8b465ee728b)
Start importing Assets/Interface/pngs/Font/beaufort-for-lol/BeaufortforLOL-Light SDF.asset using Guid(1513ba4298ca00b40894db9605bfe5cd) Importer(815301076,1909f56bfc062723c751e8b465ee728b) Shader 'TextMeshPro/Distance Field': fallback shader 'TextMeshPro/Mobile/Distance Field' not found
 -> (artifact id: '0be80fbc17329f04996c4ceeb216e4c3') in 0.030674 seconds
Number of updated asset objects reloaded before import = 0
Number of asset objects unloaded after import = 7
========================================================================
Received Import Request.
  Time since last request: 0.000072 seconds.
  path: Assets/Interface/pngs/Font/beaufort-for-lol/BeaufortforLOL-Heavy SDF.asset
  artifactKey: Guid(ef758d5b5dda24d4eb59c7531ff362de) Importer(815301076,1909f56bfc062723c751e8b465ee728b)
Start importing Assets/Interface/pngs/Font/beaufort-for-lol/BeaufortforLOL-Heavy SDF.asset using Guid(ef758d5b5dda24d4eb59c7531ff362de) Importer(815301076,1909f56bfc062723c751e8b465ee728b) Shader 'TextMeshPro/Distance Field': fallback shader 'TextMeshPro/Mobile/Distance Field' not found
 -> (artifact id: '8169c3525be7455e6d9ec360bddc3bec') in 0.034610 seconds
Number of updated asset objects reloaded before import = 0
Number of asset objects unloaded after import = 7
========================================================================
Received Import Request.
  Time since last request: 0.000019 seconds.
  path: Assets/Interface/pngs/Font/beaufort-for-lol/BeaufortforLOL-Regular SDF.asset
  artifactKey: Guid(489236f8960027a41872b2543faebaaf) Importer(815301076,1909f56bfc062723c751e8b465ee728b)
Start importing Assets/Interface/pngs/Font/beaufort-for-lol/BeaufortforLOL-Regular SDF.asset using Guid(489236f8960027a41872b2543faebaaf) Importer(815301076,1909f56bfc062723c751e8b465ee728b) Shader 'TextMeshPro/Distance Field': fallback shader 'TextMeshPro/Mobile/Distance Field' not found
 -> (artifact id: 'd7641715d150c5e356eae45b542d5960') in 0.026268 seconds
Number of updated asset objects reloaded before import = 0
Number of asset objects unloaded after import = 7
========================================================================
Received Import Request.
  Time since last request: 0.000028 seconds.
  path: Assets/Interface/pngs/Font/beaufort-for-lol/BeaufortforLOL-Medium SDF.asset
  artifactKey: Guid(145a0aa206ae2f347bc260903e33576e) Importer(815301076,1909f56bfc062723c751e8b465ee728b)
Start importing Assets/Interface/pngs/Font/beaufort-for-lol/BeaufortforLOL-Medium SDF.asset using Guid(145a0aa206ae2f347bc260903e33576e) Importer(815301076,1909f56bfc062723c751e8b465ee728b) Shader 'TextMeshPro/Distance Field': fallback shader 'TextMeshPro/Mobile/Distance Field' not found
 -> (artifact id: 'b91b6249e4d5cbb1c8672afa8097dc75') in 0.034819 seconds
Number of updated asset objects reloaded before import = 0
Number of asset objects unloaded after import = 7
========================================================================
Received Import Request.
  Time since last request: 0.000018 seconds.
  path: Assets/Interface/pngs/Font/beaufort-for-lol/BeaufortforLOL-MediumItalic SDF.asset
  artifactKey: Guid(91907f3d0ba9cde4ab8649507f54ecb8) Importer(815301076,1909f56bfc062723c751e8b465ee728b)
Start importing Assets/Interface/pngs/Font/beaufort-for-lol/BeaufortforLOL-MediumItalic SDF.asset using Guid(91907f3d0ba9cde4ab8649507f54ecb8) Importer(815301076,1909f56bfc062723c751e8b465ee728b) Shader 'TextMeshPro/Distance Field': fallback shader 'TextMeshPro/Mobile/Distance Field' not found
 -> (artifact id: '39124febbd1bedd9474b8167888f4c74') in 0.022972 seconds
Number of updated asset objects reloaded before import = 0
Number of asset objects unloaded after import = 7
========================================================================
Received Import Request.
  Time since last request: 0.000013 seconds.
  path: Assets/Interface/pngs/Font/beaufort-for-lol/BeaufortforLOL-LightItalic SDF.asset
  artifactKey: Guid(7e2aa06359997c943b3e75b01a076acb) Importer(815301076,1909f56bfc062723c751e8b465ee728b)
Start importing Assets/Interface/pngs/Font/beaufort-for-lol/BeaufortforLOL-LightItalic SDF.asset using Guid(7e2aa06359997c943b3e75b01a076acb) Importer(815301076,1909f56bfc062723c751e8b465ee728b) Shader 'TextMeshPro/Distance Field': fallback shader 'TextMeshPro/Mobile/Distance Field' not found
 -> (artifact id: '23a4034fe47a415947ba32f58a6a6601') in 0.028168 seconds
Number of updated asset objects reloaded before import = 0
Number of asset objects unloaded after import = 7
========================================================================
Received Import Request.
  Time since last request: 0.000017 seconds.
  path: Assets/Interface/pngs/Font/beaufort-for-lol/BeaufortforLOL-HeavyItalic SDF.asset
  artifactKey: Guid(13a9cd34a1c5d2b49b82d1a07158b805) Importer(815301076,1909f56bfc062723c751e8b465ee728b)
Start importing Assets/Interface/pngs/Font/beaufort-for-lol/BeaufortforLOL-HeavyItalic SDF.asset using Guid(13a9cd34a1c5d2b49b82d1a07158b805) Importer(815301076,1909f56bfc062723c751e8b465ee728b) Shader 'TextMeshPro/Distance Field': fallback shader 'TextMeshPro/Mobile/Distance Field' not found
 -> (artifact id: 'a1e326d7e23e2da69e500497ca155854') in 0.025453 seconds
Number of updated asset objects reloaded before import = 0
Number of asset objects unloaded after import = 7
========================================================================
Received Import Request.
  Time since last request: 95.648162 seconds.
  path: Assets/Interface
  artifactKey: Guid(32389125a0595aa48aff3e5e8f26b814) Importer(815301076,1909f56bfc062723c751e8b465ee728b)
Start importing Assets/Interface using Guid(32389125a0595aa48aff3e5e8f26b814) Importer(815301076,1909f56bfc062723c751e8b465ee728b)  -> (artifact id: '95cba9b1e6b04ee6fe113716152aad55') in 0.000691 seconds
Number of updated asset objects reloaded before import = 0
Number of asset objects unloaded after import = 0
========================================================================
Received Import Request.
  Time since last request: 4.759741 seconds.
  path: Assets/Interface/Prefabs
  artifactKey: Guid(9290647d3591467478b86219fb08def2) Importer(815301076,1909f56bfc062723c751e8b465ee728b)
Start importing Assets/Interface/Prefabs using Guid(9290647d3591467478b86219fb08def2) Importer(815301076,1909f56bfc062723c751e8b465ee728b)  -> (artifact id: '6304e0c57da4b13c573f78cd4e2a485f') in 0.000451 seconds
Number of updated asset objects reloaded before import = 0
Number of asset objects unloaded after import = 0
========================================================================
Received Import Request.
  Time since last request: 3.703441 seconds.
  path: Assets/Interface/Prefabs/Botão Menu Principal.prefab
  artifactKey: Guid(0098cedf92753e543bf6af57bbf23681) Importer(815301076,1909f56bfc062723c751e8b465ee728b)
Start importing Assets/Interface/Prefabs/Botão Menu Principal.prefab using Guid(0098cedf92753e543bf6af57bbf23681) Importer(815301076,1909f56bfc062723c751e8b465ee728b) Shader 'TextMeshPro/Distance Field': fallback shader 'TextMeshPro/Mobile/Distance Field' not found
 -> (artifact id: '3bf6e9988e08b355e1d36971971d89c6') in 0.019441 seconds
Number of updated asset objects reloaded before import = 0
Number of asset objects unloaded after import = 18
========================================================================
Received Import Request.
  Time since last request: 289.894565 seconds.
  path: Assets/Interface/Prefabs/Botão Sair.prefab
  artifactKey: Guid(5b9045a254441894db1cfb27e12558d3) Importer(815301076,1909f56bfc062723c751e8b465ee728b)
Start importing Assets/Interface/Prefabs/Botão Sair.prefab using Guid(5b9045a254441894db1cfb27e12558d3) Importer(815301076,1909f56bfc062723c751e8b465ee728b) Shader 'TextMeshPro/Distance Field': fallback shader 'TextMeshPro/Mobile/Distance Field' not found
 -> (artifact id: 'e75d7543b83e6a7fd7e3b35ab4c5cae1') in 0.005643 seconds
Number of updated asset objects reloaded before import = 0
Number of asset objects unloaded after import = 18
========================================================================
Received Import Request.
  Time since last request: 207.759333 seconds.
  path: Assets/TextMesh Pro/Resources/Fonts & Materials/LiberationSans SDF - Drop Shadow.mat
  artifactKey: Guid(e73a58f6e2794ae7b1b7e50b7fb811b0) Importer(815301076,1909f56bfc062723c751e8b465ee728b)
Start importing Assets/TextMesh Pro/Resources/Fonts & Materials/LiberationSans SDF - Drop Shadow.mat using Guid(e73a58f6e2794ae7b1b7e50b7fb811b0) Importer(815301076,1909f56bfc062723c751e8b465ee728b)  -> (artifact id: '8d00d997193d292c8a99f0317ec0d2cf') in 0.090262 seconds
Number of updated asset objects reloaded before import = 0
Number of asset objects unloaded after import = 3
========================================================================
Received Import Request.
  Time since last request: 0.000021 seconds.
  path: Assets/TextMesh Pro/Resources/Fonts & Materials/LiberationSans SDF - Outline.mat
  artifactKey: Guid(79459efec17a4d00a321bdcc27bbc385) Importer(815301076,1909f56bfc062723c751e8b465ee728b)
Start importing Assets/TextMesh Pro/Resources/Fonts & Materials/LiberationSans SDF - Outline.mat using Guid(79459efec17a4d00a321bdcc27bbc385) Importer(815301076,1909f56bfc062723c751e8b465ee728b)  -> (artifact id: '7dbc0f034caa4183992b861cdf52dcf3') in 0.091631 seconds
Number of updated asset objects reloaded before import = 0
Number of asset objects unloaded after import = 3
========================================================================
Received Import Request.
  Time since last request: 0.000020 seconds.
  path: Assets/TextMesh Pro/Resources/Fonts & Materials/LiberationSans SDF - Fallback.asset
  artifactKey: Guid(2e498d1c8094910479dc3e1b768306a4) Importer(815301076,1909f56bfc062723c751e8b465ee728b)
Start importing Assets/TextMesh Pro/Resources/Fonts & Materials/LiberationSans SDF - Fallback.asset using Guid(2e498d1c8094910479dc3e1b768306a4) Importer(815301076,1909f56bfc062723c751e8b465ee728b)  -> (artifact id: 'eaa5ab349f91cbce5a5a70740bbcb7f7') in 0.065833 seconds
Number of updated asset objects reloaded before import = 0
Number of asset objects unloaded after import = 7
========================================================================
Received Import Request.
  Time since last request: 0.000012 seconds.
  path: Assets/TextMesh Pro/Resources/Fonts & Materials/LiberationSans SDF.asset
  artifactKey: Guid(8f586378b4e144a9851e7b34d9b748ee) Importer(815301076,1909f56bfc062723c751e8b465ee728b)
Start importing Assets/TextMesh Pro/Resources/Fonts & Materials/LiberationSans SDF.asset using Guid(8f586378b4e144a9851e7b34d9b748ee) Importer(815301076,1909f56bfc062723c751e8b465ee728b)  -> (artifact id: '0c999cfd91ee93b11dbaf305ef0a314c') in 0.040351 seconds
Number of updated asset objects reloaded before import = 0
Number of asset objects unloaded after import = 10
========================================================================
Received Import Request.
  Time since last request: 40.149128 seconds.
  path: Assets/TextMesh Pro/Sprites/EmojiOne.png
  artifactKey: Guid(dffef66376be4fa480fb02b19edbe903) Importer(815301076,1909f56bfc062723c751e8b465ee728b)
Start importing Assets/TextMesh Pro/Sprites/EmojiOne.png using Guid(dffef66376be4fa480fb02b19edbe903) Importer(815301076,1909f56bfc062723c751e8b465ee728b)  -> (artifact id: 'd561f6893285eb56121731527b8748f5') in 0.025501 seconds
Number of updated asset objects reloaded before import = 0
Number of asset objects unloaded after import = 2
========================================================================
Received Prepare
Begin MonoManager ReloadAssembly
- Loaded All Assemblies, in  0.382 seconds
Refreshing native plugins compatible for Editor in 2.04 ms, found 0 plugins.
Native extension for WindowsStandalone target not found
Native extension for iOS target not found
Native extension for Android target not found
Mono: successfully reloaded assembly
- Finished resetting the current domain, in  0.398 seconds
Domain Reload Profiling: 778ms
	BeginReloadAssembly (149ms)
		ExecutionOrderSort (0ms)
		DisableScriptedObjects (5ms)
		BackupInstance (0ms)
		ReleaseScriptingObjects (0ms)
		CreateAndSetChildDomain (33ms)
	RebuildCommonClasses (35ms)
	RebuildNativeTypeToScriptingClass (12ms)
	initialDomainReloadingComplete (31ms)
	LoadAllAssembliesAndSetupDomain (153ms)
		LoadAssemblies (78ms)
		RebuildTransferFunctionScriptingTraits (0ms)
		AnalyzeDomain (143ms)
			TypeCache.Refresh (142ms)
				TypeCache.ScanAssembly (135ms)
			ScanForSourceGeneratedMonoScriptInfo (0ms)
			ResolveRequiredComponents (0ms)
	FinalizeReload (399ms)
		ReleaseScriptCaches (0ms)
		RebuildScriptCaches (0ms)
		SetupLoadedEditorAssemblies (256ms)
			LogAssemblyErrors (0ms)
			InitializePlatformSupportModulesInManaged (41ms)
			SetLoadedEditorAssemblies (4ms)
			RefreshPlugins (0ms)
			BeforeProcessingInitializeOnLoad (66ms)
			ProcessInitializeOnLoadAttributes (118ms)
			ProcessInitializeOnLoadMethodAttributes (19ms)
			AfterProcessingInitializeOnLoad (8ms)
			EditorAssembliesLoaded (0ms)
		ExecutionOrderSort2 (0ms)
		AwakeInstancesAfterBackupRestoration (7ms)
Refreshing native plugins compatible for Editor in 2.02 ms, found 0 plugins.
Preloading 0 native plugins for Editor in 0.00 ms.
Unloading 13 Unused Serialized files (Serialized files now loaded: 0)
Unloading 1451 unused Assets / (1.5 MB). Loaded Objects now: 2181.
Memory consumption went from 70.6 MB to 69.1 MB.
Total: 4.568500 ms (FindLiveObjects: 0.248900 ms CreateObjectMapping: 0.213300 ms MarkObjects: 2.493800 ms  DeleteObjects: 1.611700 ms)

Prepare: number of updated asset objects reloaded= 2
AssetImportParameters requested are different than current active one (requested -> active):
  custom:container-demuxer-ogg: 62fdf1f143b41e24485cea50d1cbac27 -> 
  custom:video-decoder-ogg-theora: a1e56fd34408186e4bbccfd4996cb3dc -> 
  custom:framework-win-MediaFoundation: 216162199b28c13a410421893ffa2e32 -> 
  custom:CustomObjectIndexerAttribute: 756ad292c208cfabdd7b50bc23989ffe -> 
  custom:container-demuxer-webm: 4f35f7cbe854078d1ac9338744f61a02 -> 
  custom:container-muxer-webm: aa71ff27fc2769a1b78a27578f13a17b -> 
  custom:video-decoder-webm-vp8: 9c59270c3fd7afecdb556c50c9e8de78 -> 
  custom:AudioImporter_EditorPlatform: d09bf68614088b80899f8185d706f6e7 -> 
  custom:video-encoder-webm-vp8: eb34c28f22e8b96e1ab97ce403110664 -> 
  custom:audio-decoder-ogg-vorbis: bf7c407c2cedff20999df2af8eb42d56 -> 
  custom:audio-encoder-webm-vorbis: bf7c407c2cedff20999df2af8eb42d56 -> 
